C:\USERS\KYOSEUNG\DOCUMENTS\PROJECT\SOLOMANSE\PROJ.WIN32\DEBUG.WIN32\GAMESCENE.OBJ
C:\USERS\KYOSEUNG\DOCUMENTS\PROJECT\SOLOMANSE\PROJ.WIN32\DEBUG.WIN32\VC110.PDB
C:\USERS\KYOSEUNG\DOCUMENTS\PROJECT\SOLOMANSE\PROJ.WIN32\DEBUG.WIN32\CLOUDSPRITE.OBJ
C:\USERS\KYOSEUNG\DOCUMENTS\PROJECT\SOLOMANSE\PROJ.WIN32\DEBUG.WIN32\APPDELEGATE.OBJ
C:\USERS\KYOSEUNG\DOCUMENTS\PROJECT\SOLOMANSE\PROJ.WIN32\DEBUG.WIN32\HUMANSPRITE.OBJ
C:\USERS\KYOSEUNG\DOCUMENTS\PROJECT\SOLOMANSE\PROJ.WIN32\DEBUG.WIN32\LANESPRITE.OBJ
C:\USERS\KYOSEUNG\DOCUMENTS\PROJECT\SOLOMANSE\PROJ.WIN32\DEBUG.WIN32\ROADSPRITE.OBJ
C:\USERS\KYOSEUNG\DOCUMENTS\PROJECT\SOLOMANSE\PROJ.WIN32\DEBUG.WIN32\RATINGSCENE.OBJ
C:\USERS\KYOSEUNG\DOCUMENTS\PROJECT\SOLOMANSE\PROJ.WIN32\DEBUG.WIN32\MAINSCENE.OBJ
C:\USERS\KYOSEUNG\DOCUMENTS\PROJECT\SOLOMANSE\PROJ.WIN32\DEBUG.WIN32\SOLOMANSE.RES
C:\Users\Kyoseung\Documents\Project\SoloManse\proj.win32\Debug.win32\AppDelegate.obj
C:\Users\Kyoseung\Documents\Project\SoloManse\proj.win32\Debug.win32\CloudSprite.obj
C:\Users\Kyoseung\Documents\Project\SoloManse\proj.win32\Debug.win32\DumpScene.obj
C:\Users\Kyoseung\Documents\Project\SoloManse\proj.win32\Debug.win32\FileDecryptor.obj
C:\Users\Kyoseung\Documents\Project\SoloManse\proj.win32\Debug.win32\FileEncryptor.obj
C:\Users\Kyoseung\Documents\Project\SoloManse\proj.win32\Debug.win32\FileIO.obj
C:\Users\Kyoseung\Documents\Project\SoloManse\proj.win32\Debug.win32\GameData.obj
C:\Users\Kyoseung\Documents\Project\SoloManse\proj.win32\Debug.win32\GameScene.obj
C:\Users\Kyoseung\Documents\Project\SoloManse\proj.win32\Debug.win32\HelloWorldScene.obj
C:\Users\Kyoseung\Documents\Project\SoloManse\proj.win32\Debug.win32\HumanSprite.obj
C:\Users\Kyoseung\Documents\Project\SoloManse\proj.win32\Debug.win32\LaneSprite.obj
C:\Users\Kyoseung\Documents\Project\SoloManse\proj.win32\Debug.win32\main.obj
C:\Users\Kyoseung\Documents\Project\SoloManse\proj.win32\Debug.win32\MainScene.obj
C:\Users\Kyoseung\Documents\Project\SoloManse\proj.win32\Debug.win32\RatingScene.obj
C:\Users\Kyoseung\Documents\Project\SoloManse\proj.win32\Debug.win32\RoadSprite.obj
C:\Users\Kyoseung\Documents\Project\SoloManse\proj.win32\Debug.win32\cl.command.1.tlog
C:\Users\Kyoseung\Documents\Project\SoloManse\proj.win32\Debug.win32\CL.read.1.tlog
C:\Users\Kyoseung\Documents\Project\SoloManse\proj.win32\Debug.win32\CL.write.1.tlog
C:\Users\Kyoseung\Documents\Project\SoloManse\proj.win32\Debug.win32\link-cvtres.read.1.tlog
C:\Users\Kyoseung\Documents\Project\SoloManse\proj.win32\Debug.win32\link-cvtres.write.1.tlog
C:\Users\Kyoseung\Documents\Project\SoloManse\proj.win32\Debug.win32\link-rc.read.1.tlog
C:\Users\Kyoseung\Documents\Project\SoloManse\proj.win32\Debug.win32\link-rc.write.1.tlog
C:\Users\Kyoseung\Documents\Project\SoloManse\proj.win32\Debug.win32\link.5296-cvtres.read.1.tlog
C:\Users\Kyoseung\Documents\Project\SoloManse\proj.win32\Debug.win32\link.5296-cvtres.write.1.tlog
C:\Users\Kyoseung\Documents\Project\SoloManse\proj.win32\Debug.win32\link.5296-rc.read.1.tlog
C:\Users\Kyoseung\Documents\Project\SoloManse\proj.win32\Debug.win32\link.5296-rc.write.1.tlog
C:\Users\Kyoseung\Documents\Project\SoloManse\proj.win32\Debug.win32\link.5296.read.1.tlog
C:\Users\Kyoseung\Documents\Project\SoloManse\proj.win32\Debug.win32\link.5296.write.1.tlog
C:\Users\Kyoseung\Documents\Project\SoloManse\proj.win32\Debug.win32\link.command.1.tlog
C:\Users\Kyoseung\Documents\Project\SoloManse\proj.win32\Debug.win32\link.read.1.tlog
C:\Users\Kyoseung\Documents\Project\SoloManse\proj.win32\Debug.win32\link.write.1.tlog
C:\Users\Kyoseung\Documents\Project\SoloManse\proj.win32\Debug.win32\rc.command.1.tlog
C:\Users\Kyoseung\Documents\Project\SoloManse\proj.win32\Debug.win32\rc.read.1.tlog
C:\Users\Kyoseung\Documents\Project\SoloManse\proj.win32\Debug.win32\rc.write.1.tlog
C:\Users\Kyoseung\Documents\Project\SoloManse\proj.win32\Debug.win32\SoloManse.res
C:\Users\Kyoseung\Documents\Project\SoloManse\proj.win32\Debug.win32\vc110.idb
C:\Users\Kyoseung\Documents\Project\SoloManse\proj.win32\Debug.win32\SoloManse.win32.pdb
C:\Users\Kyoseung\Documents\Project\SoloManse\proj.win32\Debug.win32\vc110.pdb
