Build started 2013-12-17 오후 3:10:06.
     1>Project "C:\Users\Kyoseung\Documents\Project\SoloManse\proj.win32\SoloManse\proj.win32\SoloManse.win32.vcxproj" on node 2 (Build target(s)).
     1>ClCompile:
         C:\Program Files (x86)\Microsoft Visual Studio 11.0\VC\bin\CL.exe /c /I. /I..\Classes /I"C:\Users\Kyoseung\Documents\cocos2d-2.0-x-2.0.4\cocos2dx" /I"C:\Users\Kyoseung\Documents\cocos2d-2.0-x-2.0.4\cocos2dx\include" /I"C:\Users\Kyoseung\Documents\cocos2d-2.0-x-2.0.4\cocos2dx\kazmath\include" /I"C:\Users\Kyoseung\Documents\cocos2d-2.0-x-2.0.4\cocos2dx\platform\win32" /I"C:\Users\Kyoseung\Documents\cocos2d-2.0-x-2.0.4\cocos2dx\platform\third_party\win32" /I"C:\Users\Kyoseung\Documents\cocos2d-2.0-x-2.0.4\cocos2dx\platform\third_party\win32\OGLES" /I"C:\Users\Kyoseung\Documents\cocos2d-2.0-x-2.0.4\external" /I"C:\Users\Kyoseung\Documents\cocos2d-2.0-x-2.0.4\CocosDenshion\include" /ZI /nologo /W3 /WX- /Od /Oy- /D WIN32 /D _WINDOWS /D STRICT /D _CRT_SECURE_NO_WARNINGS /D _SCL_SECURE_NO_WARNINGS_DEBUG /D COCOS2D_DEBUG=1 /D _UNICODE /D UNICODE /Gm /EHsc /RTC1 /MDd /GS /fp:precise /Zc:wchar_t /Zc:forScope /Fo"Debug.win32\\" /Fd"Debug.win32\vc110.pdb" /Gd /TP /wd4267 /wd4251 /wd4244 /analyze- /errorReport:prompt ..\Classes\AppDelegate.cpp ..\Classes\HelloWorldScene.cpp main.cpp
         main.cpp
     1>c:\users\kyoseung\documents\cocos2d-2.0-x-2.0.4\cocos2dx\platform\ccsaxparser.h : warning C4819: 현재 코드 페이지(949)에서 표시할 수 없는 문자가 파일에 들어 있습니다. 데이터가 손실되지 않게 하려면 해당 파일을 유니코드 형식으로 저장하십시오.
         HelloWorldScene.cpp
     1>c:\users\kyoseung\documents\cocos2d-2.0-x-2.0.4\cocos2dx\platform\ccsaxparser.h : warning C4819: 현재 코드 페이지(949)에서 표시할 수 없는 문자가 파일에 들어 있습니다. 데이터가 손실되지 않게 하려면 해당 파일을 유니코드 형식으로 저장하십시오.
         AppDelegate.cpp
     1>c:\users\kyoseung\documents\cocos2d-2.0-x-2.0.4\cocos2dx\platform\ccsaxparser.h : warning C4819: 현재 코드 페이지(949)에서 표시할 수 없는 문자가 파일에 들어 있습니다. 데이터가 손실되지 않게 하려면 해당 파일을 유니코드 형식으로 저장하십시오.
         코드를 생성하고 있습니다...
       ResourceCompile:
         C:\Program Files (x86)\Windows Kits\8.0\bin\x86\rc.exe /D _DEBUG /D _UNICODE /D UNICODE /l"0x0409" /IDebug.win32\ /nologo /fo"Debug.win32\SoloManse.res" SoloManse.rc 
       Link:
         C:\Program Files (x86)\Microsoft Visual Studio 11.0\VC\bin\link.exe /ERRORREPORT:PROMPT /OUT:"C:\Users\Kyoseung\Documents\cocos2d-2.0-x-2.0.4\Debug.win32\SoloManse.win32.exe" /INCREMENTAL /NOLOGO /LIBPATH:"C:\Users\Kyoseung\Documents\cocos2d-2.0-x-2.0.4\Debug.win32\\" libcocos2d.lib libExtensions.lib opengl32.lib glew32.lib libBox2d.lib libCocosDenshion.lib kernel32.lib user32.lib gdi32.lib winspool.lib comdlg32.lib advapi32.lib shell32.lib ole32.lib oleaut32.lib uuid.lib odbc32.lib odbccp32.lib /MANIFEST /MANIFESTUAC:"level='asInvoker' uiAccess='false'" /manifest:embed /DEBUG /PDB:"C:\Users\Kyoseung\Documents\cocos2d-2.0-x-2.0.4\Debug.win32\SoloManse.win32.pdb" /SUBSYSTEM:WINDOWS /TLBID:1 /DYNAMICBASE /NXCOMPAT /IMPLIB:"C:\Users\Kyoseung\Documents\cocos2d-2.0-x-2.0.4\Debug.win32\SoloManse.win32.lib" /MACHINE:X86 Debug.win32\SoloManse.res
         Debug.win32\AppDelegate.obj
         Debug.win32\HelloWorldScene.obj
         Debug.win32\main.obj
         SoloManse.win32.vcxproj -> C:\Users\Kyoseung\Documents\cocos2d-2.0-x-2.0.4\Debug.win32\SoloManse.win32.exe
     1>Done Building Project "C:\Users\Kyoseung\Documents\Project\SoloManse\proj.win32\SoloManse\proj.win32\SoloManse.win32.vcxproj" (Build target(s)).

Build succeeded.

Time Elapsed 00:00:05.54
